Arguments: 
  /usr/local/Cellar/node/12.12.0/bin/node /Users/aomkhunpanitchot/.yarn/bin/yarn.js

PATH: 
  /Users/aomkhunpanitchot/miniconda3/bin:/Users/aomkhunpanitchot/miniconda3/condabin:/Users/aomkhunpanitchot/.yarn/bin:/Users/aomkhunpanitchot/.config/yarn/global/node_modules/.bin:/Users/aomkhunpanitchot/.cargo/bin:/usr/local/bin:/usr/bin:/bin:/usr/sbin:/sbin:/Library/Apple/usr/bin:/Users/aomkhunpanitchot/flutter/bin

Yarn version: 
  1.21.1

Node version: 
  12.12.0

Platform: 
  darwin x64

Trace: 
  SyntaxError: /Users/aomkhunpanitchot/Documents/web/forsteri-card/package.json: Unexpected token } in JSON at position 227
      at JSON.parse (<anonymous>)
      at /Users/aomkhunpanitchot/.yarn/lib/cli.js:1625:59
      at Generator.next (<anonymous>)
      at step (/Users/aomkhunpanitchot/.yarn/lib/cli.js:310:30)
      at /Users/aomkhunpanitchot/.yarn/lib/cli.js:321:13

npm manifest: 
  {
      "name": "minimal-forsteri-starter",
      "version": "0.1.0",
      "description": "Minimal Forsteri Starter",
      "main": "src/index.js",
      "scripts": {
          "dev": "forster dev",
          "build": "forsteri build",
      },
      "keywords": [
          "minimal",
          "forsteri",
          "starter"
      ],
      "author": "SaltyAom",
      "license": "MIT",
      "repository": {
          "type": "git",
          "url": "git://github.com/SaltyAom/forsteri-starter.git"
      },
      "dependencies": {
          "forsteri": "^0.2.10"
      },
      "devDependencies": {
          "forsteri-cli": "^0.1.0"
      }
  }

yarn manifest: 
  No manifest

Lockfile: 
  # THIS IS AN AUTOGENERATED FILE. DO NOT EDIT THIS FILE DIRECTLY.
  # yarn lockfile v1
  
  
  forsteri@^0.2.10:
    version "0.2.10"
    resolved "https://registry.yarnpkg.com/forsteri/-/forsteri-0.2.10.tgz#7465a120e9afa77f9d0cf3d116cfa766f3e93087"
    integrity sha512-eDspVRMU+mC8/R+k/kpuy7L8wqnb5BwjC+g2U0xzCu5c4vcoSK/E1ZcuJQzF8k5XgiXmH9u/iQQjl4QtVnBcyA==
